---------------------------------------------------------------
[ 2018-09-28T14:31:32+08:00 ] 223.88.55.59 POST /public/admin.php/index/login.html
[ sql ] [ DB ] CONNECT:[ UseTime:0.007374s ] mysql:host=sxl1ulvb.2297.dnstoo.com;port=5512;dbname=tpadmin;charset=utf8
[ sql ] [ SQL ] SHOW COLUMNS FROM `fa_admin` [ RunTime:0.002894s ]
[ sql ] [ SQL ] SELECT * FROM `fa_admin` WHERE  `username` = 'admin' LIMIT 1 [ RunTime:0.002604s ]
[ sql ] [ SQL ] UPDATE `fa_admin`  SET `logintime`=1538116292,`token`='e8b37789-2c89-4ed8-9efd-6cef2462d4d6',`updatetime`=1538116292  WHERE  `id` = 1 [ RunTime:0.003156s ]
[ sql ] [ SQL ] SHOW COLUMNS FROM `fa_admin_log` [ RunTime:0.003111s ]
[ sql ] [ SQL ] INSERT INTO `fa_admin_log` (`title` , `content` , `url` , `admin_id` , `username` , `useragent` , `ip` , `createtime`) VALUES ('登录' , '{\"__token__\":\"477509f0b6b85e7bd4420bbeabe964f7\",\"username\":\"admin\"}' , '/public/admin.php/index/login.html' , 1 , 'admin' , 'Mozilla/5.0 (Windows NT 10.0; Win64; x64) AppleWebKit/537.36 (KHTML, like Gecko) Chrome/69.0.3497.100 Safari/537.36' , '223.88.55.59' , 1538116292) [ RunTime:0.008854s ]
---------------------------------------------------------------
[ 2018-09-28T14:31:32+08:00 ] 223.88.55.59 GET /public/admin.php/index/index
[ sql ] [ DB ] CONNECT:[ UseTime:0.004492s ] mysql:host=sxl1ulvb.2297.dnstoo.com;port=5512;dbname=tpadmin;charset=utf8
[ sql ] [ SQL ] SHOW COLUMNS FROM `fa_auth_group_access` [ RunTime:0.002855s ]
[ sql ] [ SQL ] SELECT `aga`.`uid`,`aga`.`group_id`,`ag`.`id`,`ag`.`pid`,`ag`.`name`,`ag`.`rules` FROM `fa_auth_group_access` `aga` LEFT JOIN `fa_auth_group` `ag` ON `aga`.`group_id`=`ag`.`id` WHERE  (  aga.uid='1' and ag.status='normal' ) [ RunTime:0.002194s ]
[ sql ] [ SQL ] SHOW COLUMNS FROM `fa_auth_rule` [ RunTime:0.002871s ]
[ sql ] [ SQL ] SELECT `id`,`pid`,`condition`,`icon`,`name`,`title`,`ismenu` FROM `fa_auth_rule` WHERE  `status` = 'normal' [ RunTime:0.002765s ]
[ sql ] [ SQL ] SELECT * FROM `fa_auth_rule` WHERE  `status` = 'normal'  AND `ismenu` = 1 ORDER BY `weigh` DESC [ RunTime:0.002435s ]
---------------------------------------------------------------
[ 2018-09-28T14:31:33+08:00 ] 223.88.55.59 GET /public/admin.php/dashboard?addtabs=1
[ sql ] [ DB ] CONNECT:[ UseTime:0.006986s ] mysql:host=sxl1ulvb.2297.dnstoo.com;port=5512;dbname=tpadmin;charset=utf8
[ sql ] [ SQL ] SHOW COLUMNS FROM `fa_auth_group_access` [ RunTime:0.003471s ]
[ sql ] [ SQL ] SELECT `aga`.`uid`,`aga`.`group_id`,`ag`.`id`,`ag`.`pid`,`ag`.`name`,`ag`.`rules` FROM `fa_auth_group_access` `aga` LEFT JOIN `fa_auth_group` `ag` ON `aga`.`group_id`=`ag`.`id` WHERE  (  aga.uid='1' and ag.status='normal' ) [ RunTime:0.002704s ]
[ sql ] [ SQL ] SHOW COLUMNS FROM `fa_auth_rule` [ RunTime:0.004259s ]
[ sql ] [ SQL ] SELECT `id`,`pid`,`condition`,`icon`,`name`,`title`,`ismenu` FROM `fa_auth_rule` WHERE  `status` = 'normal' [ RunTime:0.004235s ]
[ sql ] [ SQL ] SELECT `title`,`remark` FROM `fa_auth_rule` WHERE  `name` = 'dashboard' LIMIT 1 [ RunTime:0.002522s ]
---------------------------------------------------------------
[ 2018-09-28T14:32:09+08:00 ] 223.88.55.59 POST /public/admin.php/addon/install
[ sql ] [ DB ] CONNECT:[ UseTime:0.005847s ] mysql:host=sxl1ulvb.2297.dnstoo.com;port=5512;dbname=tpadmin;charset=utf8
[ sql ] [ SQL ] SHOW COLUMNS FROM `fa_auth_group_access` [ RunTime:0.002758s ]
[ sql ] [ SQL ] SELECT `aga`.`uid`,`aga`.`group_id`,`ag`.`id`,`ag`.`pid`,`ag`.`name`,`ag`.`rules` FROM `fa_auth_group_access` `aga` LEFT JOIN `fa_auth_group` `ag` ON `aga`.`group_id`=`ag`.`id` WHERE  (  aga.uid='1' and ag.status='normal' ) [ RunTime:0.002249s ]
[ sql ] [ SQL ] SHOW COLUMNS FROM `fa_auth_rule` [ RunTime:0.004798s ]
[ sql ] [ SQL ] SELECT `id`,`pid`,`condition`,`icon`,`name`,`title`,`ismenu` FROM `fa_auth_rule` WHERE  `status` = 'normal' [ RunTime:0.002742s ]
[ sql ] [ SQL ] INSERT INTO `fa_auth_rule` (`name` , `title` , `icon` , `ismenu` , `pid` , `status` , `createtime` , `updatetime`) VALUES ('example' , '开发示例管理' , 'fa fa-magic' , 1 , 0 , 'normal' , 1538116328 , 1538116328) [ RunTime:0.002331s ]
[ sql ] [ SQL ] INSERT INTO `fa_auth_rule` (`name` , `title` , `icon` , `ismenu` , `pid` , `status` , `createtime` , `updatetime`) VALUES ('example/bootstraptable' , '表格完整示例' , 'fa fa-table' , 1 , 85 , 'normal' , 1538116328 , 1538116328) [ RunTime:0.001230s ]
[ sql ] [ SQL ] INSERT INTO `fa_auth_rule` (`name` , `title` , `ismenu` , `icon` , `pid` , `status` , `createtime` , `updatetime`) VALUES ('example/bootstraptable/index' , '查看' , 0 , 'fa fa-circle-o' , 86 , 'normal' , 1538116328 , 1538116328) [ RunTime:0.002045s ]
[ sql ] [ SQL ] INSERT INTO `fa_auth_rule` (`name` , `title` , `ismenu` , `icon` , `pid` , `status` , `createtime` , `updatetime`) VALUES ('example/bootstraptable/detail' , '详情' , 0 , 'fa fa-circle-o' , 86 , 'normal' , 1538116328 , 1538116328) [ RunTime:0.001091s ]
[ sql ] [ SQL ] INSERT INTO `fa_auth_rule` (`name` , `title` , `ismenu` , `icon` , `pid` , `status` , `createtime` , `updatetime`) VALUES ('example/bootstraptable/change' , '变更' , 0 , 'fa fa-circle-o' , 86 , 'normal' , 1538116328 , 1538116328) [ RunTime:0.001004s ]
[ sql ] [ SQL ] INSERT INTO `fa_auth_rule` (`name` , `title` , `ismenu` , `icon` , `pid` , `status` , `createtime` , `updatetime`) VALUES ('example/bootstraptable/del' , '删除' , 0 , 'fa fa-circle-o' , 86 , 'normal' , 1538116328 , 1538116328) [ RunTime:0.000912s ]
[ sql ] [ SQL ] INSERT INTO `fa_auth_rule` (`name` , `title` , `ismenu` , `icon` , `pid` , `status` , `createtime` , `updatetime`) VALUES ('example/bootstraptable/multi' , '批量更新' , 0 , 'fa fa-circle-o' , 86 , 'normal' , 1538116328 , 1538116328) [ RunTime:0.011564s ]
[ sql ] [ SQL ] INSERT INTO `fa_auth_rule` (`name` , `title` , `icon` , `ismenu` , `pid` , `status` , `createtime` , `updatetime`) VALUES ('example/customsearch' , '自定义搜索' , 'fa fa-table' , 1 , 85 , 'normal' , 1538116328 , 1538116328) [ RunTime:0.002153s ]
[ sql ] [ SQL ] INSERT INTO `fa_auth_rule` (`name` , `title` , `ismenu` , `icon` , `pid` , `status` , `createtime` , `updatetime`) VALUES ('example/customsearch/index' , '查看' , 0 , 'fa fa-circle-o' , 92 , 'normal' , 1538116328 , 1538116328) [ RunTime:0.001928s ]
[ sql ] [ SQL ] INSERT INTO `fa_auth_rule` (`name` , `title` , `ismenu` , `icon` , `pid` , `status` , `createtime` , `updatetime`) VALUES ('example/customsearch/del' , '删除' , 0 , 'fa fa-circle-o' , 92 , 'normal' , 1538116328 , 1538116328) [ RunTime:0.000844s ]
[ sql ] [ SQL ] INSERT INTO `fa_auth_rule` (`name` , `title` , `ismenu` , `icon` , `pid` , `status` , `createtime` , `updatetime`) VALUES ('example/customsearch/multi' , '批量更新' , 0 , 'fa fa-circle-o' , 92 , 'normal' , 1538116328 , 1538116328) [ RunTime:0.000996s ]
[ sql ] [ SQL ] INSERT INTO `fa_auth_rule` (`name` , `title` , `icon` , `ismenu` , `pid` , `status` , `createtime` , `updatetime`) VALUES ('example/colorbadge' , '彩色角标' , 'fa fa-table' , 1 , 85 , 'normal' , 1538116328 , 1538116328) [ RunTime:0.002363s ]
[ sql ] [ SQL ] INSERT INTO `fa_auth_rule` (`name` , `title` , `ismenu` , `icon` , `pid` , `status` , `createtime` , `updatetime`) VALUES ('example/colorbadge/index' , '查看' , 0 , 'fa fa-circle-o' , 96 , 'normal' , 1538116328 , 1538116328) [ RunTime:0.001851s ]
[ sql ] [ SQL ] INSERT INTO `fa_auth_rule` (`name` , `title` , `ismenu` , `icon` , `pid` , `status` , `createtime` , `updatetime`) VALUES ('example/colorbadge/del' , '删除' , 0 , 'fa fa-circle-o' , 96 , 'normal' , 1538116328 , 1538116328) [ RunTime:0.001150s ]
[ sql ] [ SQL ] INSERT INTO `fa_auth_rule` (`name` , `title` , `ismenu` , `icon` , `pid` , `status` , `createtime` , `updatetime`) VALUES ('example/colorbadge/multi' , '批量更新' , 0 , 'fa fa-circle-o' , 96 , 'normal' , 1538116328 , 1538116328) [ RunTime:0.001080s ]
[ sql ] [ SQL ] INSERT INTO `fa_auth_rule` (`name` , `title` , `icon` , `ismenu` , `pid` , `status` , `createtime` , `updatetime`) VALUES ('example/controllerjump' , '控制器间跳转' , 'fa fa-table' , 1 , 85 , 'normal' , 1538116328 , 1538116328) [ RunTime:0.002201s ]
[ sql ] [ SQL ] INSERT INTO `fa_auth_rule` (`name` , `title` , `ismenu` , `icon` , `pid` , `status` , `createtime` , `updatetime`) VALUES ('example/controllerjump/index' , '查看' , 0 , 'fa fa-circle-o' , 100 , 'normal' , 1538116328 , 1538116328) [ RunTime:0.002100s ]
[ sql ] [ SQL ] INSERT INTO `fa_auth_rule` (`name` , `title` , `ismenu` , `icon` , `pid` , `status` , `createtime` , `updatetime`) VALUES ('example/controllerjump/del' , '删除' , 0 , 'fa fa-circle-o' , 100 , 'normal' , 1538116328 , 1538116328) [ RunTime:0.001435s ]
[ sql ] [ SQL ] INSERT INTO `fa_auth_rule` (`name` , `title` , `ismenu` , `icon` , `pid` , `status` , `createtime` , `updatetime`) VALUES ('example/controllerjump/multi' , '批量更新' , 0 , 'fa fa-circle-o' , 100 , 'normal' , 1538116328 , 1538116328) [ RunTime:0.001080s ]
[ sql ] [ SQL ] INSERT INTO `fa_auth_rule` (`name` , `title` , `icon` , `ismenu` , `pid` , `status` , `createtime` , `updatetime`) VALUES ('example/cxselect' , '多级联动' , 'fa fa-table' , 1 , 85 , 'normal' , 1538116328 , 1538116328) [ RunTime:0.002426s ]
[ sql ] [ SQL ] INSERT INTO `fa_auth_rule` (`name` , `title` , `ismenu` , `icon` , `pid` , `status` , `createtime` , `updatetime`) VALUES ('example/cxselect/index' , '查看' , 0 , 'fa fa-circle-o' , 104 , 'normal' , 1538116328 , 1538116328) [ RunTime:0.001835s ]
[ sql ] [ SQL ] INSERT INTO `fa_auth_rule` (`name` , `title` , `ismenu` , `icon` , `pid` , `status` , `createtime` , `updatetime`) VALUES ('example/cxselect/del' , '删除' , 0 , 'fa fa-circle-o' , 104 , 'normal' , 1538116328 , 1538116328) [ RunTime:0.000876s ]
[ sql ] [ SQL ] INSERT INTO `fa_auth_rule` (`name` , `title` , `ismenu` , `icon` , `pid` , `status` , `createtime` , `updatetime`) VALUES ('example/cxselect/multi' , '批量更新' , 0 , 'fa fa-circle-o' , 104 , 'normal' , 1538116328 , 1538116328) [ RunTime:0.001250s ]
[ sql ] [ SQL ] INSERT INTO `fa_auth_rule` (`name` , `title` , `icon` , `ismenu` , `pid` , `status` , `createtime` , `updatetime`) VALUES ('example/multitable' , '多表格示例' , 'fa fa-table' , 1 , 85 , 'normal' , 1538116328 , 1538116328) [ RunTime:0.001878s ]
[ sql ] [ SQL ] INSERT INTO `fa_auth_rule` (`name` , `title` , `ismenu` , `icon` , `pid` , `status` , `createtime` , `updatetime`) VALUES ('example/multitable/index' , '查看' , 0 , 'fa fa-circle-o' , 108 , 'normal' , 1538116328 , 1538116328) [ RunTime:0.002925s ]
[ sql ] [ SQL ] INSERT INTO `fa_auth_rule` (`name` , `title` , `ismenu` , `icon` , `pid` , `status` , `createtime` , `updatetime`) VALUES ('example/multitable/del' , '删除' , 0 , 'fa fa-circle-o' , 108 , 'normal' , 1538116328 , 1538116328) [ RunTime:0.000937s ]
[ sql ] [ SQL ] INSERT INTO `fa_auth_rule` (`name` , `title` , `ismenu` , `icon` , `pid` , `status` , `createtime` , `updatetime`) VALUES ('example/multitable/multi' , '批量更新' , 0 , 'fa fa-circle-o' , 108 , 'normal' , 1538116328 , 1538116328) [ RunTime:0.001084s ]
[ sql ] [ SQL ] INSERT INTO `fa_auth_rule` (`name` , `title` , `icon` , `ismenu` , `pid` , `status` , `createtime` , `updatetime`) VALUES ('example/relationmodel' , '关联模型示例' , 'fa fa-table' , 1 , 85 , 'normal' , 1538116328 , 1538116328) [ RunTime:0.002080s ]
[ sql ] [ SQL ] INSERT INTO `fa_auth_rule` (`name` , `title` , `ismenu` , `icon` , `pid` , `status` , `createtime` , `updatetime`) VALUES ('example/relationmodel/index' , '查看' , 0 , 'fa fa-circle-o' , 112 , 'normal' , 1538116328 , 1538116328) [ RunTime:0.001683s ]
[ sql ] [ SQL ] INSERT INTO `fa_auth_rule` (`name` , `title` , `ismenu` , `icon` , `pid` , `status` , `createtime` , `updatetime`) VALUES ('example/relationmodel/del' , '删除' , 0 , 'fa fa-circle-o' , 112 , 'normal' , 1538116328 , 1538116328) [ RunTime:0.001005s ]
[ sql ] [ SQL ] INSERT INTO `fa_auth_rule` (`name` , `title` , `ismenu` , `icon` , `pid` , `status` , `createtime` , `updatetime`) VALUES ('example/relationmodel/multi' , '批量更新' , 0 , 'fa fa-circle-o' , 112 , 'normal' , 1538116328 , 1538116328) [ RunTime:0.003632s ]
[ sql ] [ SQL ] INSERT INTO `fa_auth_rule` (`name` , `title` , `icon` , `ismenu` , `pid` , `status` , `createtime` , `updatetime`) VALUES ('example/tabletemplate' , '表格模板示例' , 'fa fa-table' , 1 , 85 , 'normal' , 1538116328 , 1538116328) [ RunTime:0.001804s ]
[ sql ] [ SQL ] INSERT INTO `fa_auth_rule` (`name` , `title` , `ismenu` , `icon` , `pid` , `status` , `createtime` , `updatetime`) VALUES ('example/tabletemplate/index' , '查看' , 0 , 'fa fa-circle-o' , 116 , 'normal' , 1538116328 , 1538116328) [ RunTime:0.001613s ]
[ sql ] [ SQL ] INSERT INTO `fa_auth_rule` (`name` , `title` , `ismenu` , `icon` , `pid` , `status` , `createtime` , `updatetime`) VALUES ('example/tabletemplate/detail' , '详情' , 0 , 'fa fa-circle-o' , 116 , 'normal' , 1538116328 , 1538116328) [ RunTime:0.001274s ]
[ sql ] [ SQL ] INSERT INTO `fa_auth_rule` (`name` , `title` , `ismenu` , `icon` , `pid` , `status` , `createtime` , `updatetime`) VALUES ('example/tabletemplate/del' , '删除' , 0 , 'fa fa-circle-o' , 116 , 'normal' , 1538116328 , 1538116328) [ RunTime:0.001024s ]
[ sql ] [ SQL ] INSERT INTO `fa_auth_rule` (`name` , `title` , `ismenu` , `icon` , `pid` , `status` , `createtime` , `updatetime`) VALUES ('example/tabletemplate/multi' , '批量更新' , 0 , 'fa fa-circle-o' , 116 , 'normal' , 1538116328 , 1538116328) [ RunTime:0.001228s ]
[ sql ] [ SQL ] INSERT INTO `fa_auth_rule` (`name` , `title` , `icon` , `ismenu` , `pid` , `status` , `createtime` , `updatetime`) VALUES ('example/baidumap' , '百度地图示例' , 'fa fa-map-pin' , 1 , 85 , 'normal' , 1538116328 , 1538116328) [ RunTime:0.002124s ]
[ sql ] [ SQL ] INSERT INTO `fa_auth_rule` (`name` , `title` , `ismenu` , `icon` , `pid` , `status` , `createtime` , `updatetime`) VALUES ('example/baidumap/index' , '查看' , 0 , 'fa fa-circle-o' , 121 , 'normal' , 1538116328 , 1538116328) [ RunTime:0.002325s ]
[ sql ] [ SQL ] INSERT INTO `fa_auth_rule` (`name` , `title` , `ismenu` , `icon` , `pid` , `status` , `createtime` , `updatetime`) VALUES ('example/baidumap/map' , '详情' , 0 , 'fa fa-circle-o' , 121 , 'normal' , 1538116328 , 1538116328) [ RunTime:0.001441s ]
[ sql ] [ SQL ] INSERT INTO `fa_auth_rule` (`name` , `title` , `ismenu` , `icon` , `pid` , `status` , `createtime` , `updatetime`) VALUES ('example/baidumap/del' , '删除' , 0 , 'fa fa-circle-o' , 121 , 'normal' , 1538116328 , 1538116328) [ RunTime:0.001471s ]
[ sql ] [ SQL ] SHOW COLUMNS FROM `fa_admin_log` [ RunTime:0.002853s ]
[ sql ] [ SQL ] INSERT INTO `fa_admin_log` (`title` , `content` , `url` , `admin_id` , `username` , `useragent` , `ip` , `createtime`) VALUES ('插件管理 安装' , '{\"name\":\"example\",\"faversion\":\"1.0.0.20180911_beta\"}' , '/public/admin.php/addon/install' , 1 , 'admin' , 'Mozilla/5.0 (Windows NT 10.0; Win64; x64) AppleWebKit/537.36 (KHTML, like Gecko) Chrome/69.0.3497.100 Safari/537.36' , '223.88.55.59' , 1538116329) [ RunTime:0.004583s ]
---------------------------------------------------------------
[ 2018-09-28T14:32:10+08:00 ] 223.88.55.59 POST /public/admin.php/addon/install
[ sql ] [ DB ] CONNECT:[ UseTime:0.007968s ] mysql:host=sxl1ulvb.2297.dnstoo.com;port=5512;dbname=tpadmin;charset=utf8
[ sql ] [ SQL ] SHOW COLUMNS FROM `fa_auth_group_access` [ RunTime:0.003054s ]
[ sql ] [ SQL ] SELECT `aga`.`uid`,`aga`.`group_id`,`ag`.`id`,`ag`.`pid`,`ag`.`name`,`ag`.`rules` FROM `fa_auth_group_access` `aga` LEFT JOIN `fa_auth_group` `ag` ON `aga`.`group_id`=`ag`.`id` WHERE  (  aga.uid='1' and ag.status='normal' ) [ RunTime:0.002183s ]
[ sql ] [ SQL ] SHOW COLUMNS FROM `fa_auth_rule` [ RunTime:0.002696s ]
[ sql ] [ SQL ] SELECT `id`,`pid`,`condition`,`icon`,`name`,`title`,`ismenu` FROM `fa_auth_rule` WHERE  `status` = 'normal' [ RunTime:0.003089s ]
[ sql ] [ SQL ] SHOW COLUMNS FROM `fa_admin_log` [ RunTime:0.003300s ]
[ sql ] [ SQL ] INSERT INTO `fa_admin_log` (`title` , `content` , `url` , `admin_id` , `username` , `useragent` , `ip` , `createtime`) VALUES ('插件管理 安装' , '{\"name\":\"summernote\",\"faversion\":\"1.0.0.20180911_beta\"}' , '/public/admin.php/addon/install' , 1 , 'admin' , 'Mozilla/5.0 (Windows NT 10.0; Win64; x64) AppleWebKit/537.36 (KHTML, like Gecko) Chrome/69.0.3497.100 Safari/537.36' , '223.88.55.59' , 1538116330) [ RunTime:0.003623s ]
---------------------------------------------------------------
[ 2018-09-28T14:32:10+08:00 ] 223.88.55.59 POST /public/admin.php/index/index
[ sql ] [ DB ] CONNECT:[ UseTime:0.006752s ] mysql:host=sxl1ulvb.2297.dnstoo.com;port=5512;dbname=tpadmin;charset=utf8
[ sql ] [ SQL ] SHOW COLUMNS FROM `fa_auth_group_access` [ RunTime:0.002937s ]
[ sql ] [ SQL ] SELECT `aga`.`uid`,`aga`.`group_id`,`ag`.`id`,`ag`.`pid`,`ag`.`name`,`ag`.`rules` FROM `fa_auth_group_access` `aga` LEFT JOIN `fa_auth_group` `ag` ON `aga`.`group_id`=`ag`.`id` WHERE  (  aga.uid='1' and ag.status='normal' ) [ RunTime:0.007470s ]
[ sql ] [ SQL ] SHOW COLUMNS FROM `fa_auth_rule` [ RunTime:0.003582s ]
[ sql ] [ SQL ] SELECT `id`,`pid`,`condition`,`icon`,`name`,`title`,`ismenu` FROM `fa_auth_rule` WHERE  `status` = 'normal' [ RunTime:0.002947s ]
[ sql ] [ SQL ] SELECT * FROM `fa_auth_rule` WHERE  `status` = 'normal'  AND `ismenu` = 1 ORDER BY `weigh` DESC [ RunTime:0.004262s ]
[ sql ] [ SQL ] SHOW COLUMNS FROM `fa_admin_log` [ RunTime:0.002817s ]
[ sql ] [ SQL ] INSERT INTO `fa_admin_log` (`title` , `content` , `url` , `admin_id` , `username` , `useragent` , `ip` , `createtime`) VALUES ('' , '{\"action\":\"refreshmenu\"}' , '/public/admin.php/index/index' , 1 , 'admin' , 'Mozilla/5.0 (Windows NT 10.0; Win64; x64) AppleWebKit/537.36 (KHTML, like Gecko) Chrome/69.0.3497.100 Safari/537.36' , '223.88.55.59' , 1538116330) [ RunTime:0.002124s ]
---------------------------------------------------------------
[ 2018-09-28T14:32:11+08:00 ] 223.88.55.59 POST /public/admin.php/addon/install
[ sql ] [ DB ] CONNECT:[ UseTime:0.005016s ] mysql:host=sxl1ulvb.2297.dnstoo.com;port=5512;dbname=tpadmin;charset=utf8
[ sql ] [ SQL ] SHOW COLUMNS FROM `fa_auth_group_access` [ RunTime:0.002714s ]
[ sql ] [ SQL ] SELECT `aga`.`uid`,`aga`.`group_id`,`ag`.`id`,`ag`.`pid`,`ag`.`name`,`ag`.`rules` FROM `fa_auth_group_access` `aga` LEFT JOIN `fa_auth_group` `ag` ON `aga`.`group_id`=`ag`.`id` WHERE  (  aga.uid='1' and ag.status='normal' ) [ RunTime:0.003127s ]
[ sql ] [ SQL ] SHOW COLUMNS FROM `fa_auth_rule` [ RunTime:0.005246s ]
[ sql ] [ SQL ] SELECT `id`,`pid`,`condition`,`icon`,`name`,`title`,`ismenu` FROM `fa_auth_rule` WHERE  `status` = 'normal' [ RunTime:0.008056s ]
[ sql ] [ SQL ] SELECT * FROM `fa_auth_rule` WHERE  `name` = 'general' LIMIT 1 [ RunTime:0.002462s ]
[ sql ] [ SQL ] INSERT INTO `fa_auth_rule` (`name` , `title` , `icon` , `remark` , `ismenu` , `pid` , `status` , `createtime` , `updatetime`) VALUES ('general/database' , '数据库管理' , 'fa fa-database' , '可在线进行一些简单的数据库表优化或修复,查看表结构和数据。也可以进行SQL语句的操作' , 1 , 2 , 'normal' , 1538116331 , 1538116331) [ RunTime:0.002553s ]
[ sql ] [ SQL ] INSERT INTO `fa_auth_rule` (`name` , `title` , `ismenu` , `icon` , `pid` , `status` , `createtime` , `updatetime`) VALUES ('general/database/index' , '查看' , 0 , 'fa fa-circle-o' , 125 , 'normal' , 1538116331 , 1538116331) [ RunTime:0.002293s ]
[ sql ] [ SQL ] INSERT INTO `fa_auth_rule` (`name` , `title` , `ismenu` , `icon` , `pid` , `status` , `createtime` , `updatetime`) VALUES ('general/database/query' , '查询' , 0 , 'fa fa-circle-o' , 125 , 'normal' , 1538116331 , 1538116331) [ RunTime:0.000983s ]
[ sql ] [ SQL ] INSERT INTO `fa_auth_rule` (`name` , `title` , `ismenu` , `icon` , `pid` , `status` , `createtime` , `updatetime`) VALUES ('general/database/backup' , '备份' , 0 , 'fa fa-circle-o' , 125 , 'normal' , 1538116331 , 1538116331) [ RunTime:0.001606s ]
[ sql ] [ SQL ] INSERT INTO `fa_auth_rule` (`name` , `title` , `ismenu` , `icon` , `pid` , `status` , `createtime` , `updatetime`) VALUES ('general/database/restore' , '恢复' , 0 , 'fa fa-circle-o' , 125 , 'normal' , 1538116331 , 1538116331) [ RunTime:0.001143s ]
[ sql ] [ SQL ] SHOW COLUMNS FROM `fa_admin_log` [ RunTime:0.002844s ]
[ sql ] [ SQL ] INSERT INTO `fa_admin_log` (`title` , `content` , `url` , `admin_id` , `username` , `useragent` , `ip` , `createtime`) VALUES ('插件管理 安装' , '{\"name\":\"database\",\"faversion\":\"1.0.0.20180911_beta\"}' , '/public/admin.php/addon/install' , 1 , 'admin' , 'Mozilla/5.0 (Windows NT 10.0; Win64; x64) AppleWebKit/537.36 (KHTML, like Gecko) Chrome/69.0.3497.100 Safari/537.36' , '223.88.55.59' , 1538116331) [ RunTime:0.002399s ]
---------------------------------------------------------------
[ 2018-09-28T14:32:11+08:00 ] 223.88.55.59 POST /public/admin.php/addon/install
[ sql ] [ DB ] CONNECT:[ UseTime:0.004900s ] mysql:host=sxl1ulvb.2297.dnstoo.com;port=5512;dbname=tpadmin;charset=utf8
[ sql ] [ SQL ] SHOW COLUMNS FROM `fa_auth_group_access` [ RunTime:0.002653s ]
[ sql ] [ SQL ] SELECT `aga`.`uid`,`aga`.`group_id`,`ag`.`id`,`ag`.`pid`,`ag`.`name`,`ag`.`rules` FROM `fa_auth_group_access` `aga` LEFT JOIN `fa_auth_group` `ag` ON `aga`.`group_id`=`ag`.`id` WHERE  (  aga.uid='1' and ag.status='normal' ) [ RunTime:0.002492s ]
[ sql ] [ SQL ] SHOW COLUMNS FROM `fa_auth_rule` [ RunTime:0.002913s ]
[ sql ] [ SQL ] SELECT `id`,`pid`,`condition`,`icon`,`name`,`title`,`ismenu` FROM `fa_auth_rule` WHERE  `status` = 'normal' [ RunTime:0.002870s ]
[ sql ] [ SQL ] INSERT INTO `fa_auth_rule` (`name` , `title` , `icon` , `ismenu` , `pid` , `status` , `createtime` , `updatetime`) VALUES ('command' , '在线命令管理' , 'fa fa-terminal' , 1 , 0 , 'normal' , 1538116331 , 1538116331) [ RunTime:0.002872s ]
[ sql ] [ SQL ] INSERT INTO `fa_auth_rule` (`name` , `title` , `ismenu` , `icon` , `pid` , `status` , `createtime` , `updatetime`) VALUES ('command/index' , '查看' , 0 , 'fa fa-circle-o' , 130 , 'normal' , 1538116331 , 1538116331) [ RunTime:0.002135s ]
[ sql ] [ SQL ] INSERT INTO `fa_auth_rule` (`name` , `title` , `ismenu` , `icon` , `pid` , `status` , `createtime` , `updatetime`) VALUES ('command/add' , '添加' , 0 , 'fa fa-circle-o' , 130 , 'normal' , 1538116331 , 1538116331) [ RunTime:0.001159s ]
[ sql ] [ SQL ] INSERT INTO `fa_auth_rule` (`name` , `title` , `ismenu` , `icon` , `pid` , `status` , `createtime` , `updatetime`) VALUES ('command/detail' , '详情' , 0 , 'fa fa-circle-o' , 130 , 'normal' , 1538116331 , 1538116331) [ RunTime:0.001024s ]
[ sql ] [ SQL ] INSERT INTO `fa_auth_rule` (`name` , `title` , `ismenu` , `icon` , `pid` , `status` , `createtime` , `updatetime`) VALUES ('command/execute' , '运行' , 0 , 'fa fa-circle-o' , 130 , 'normal' , 1538116331 , 1538116331) [ RunTime:0.001298s ]
[ sql ] [ SQL ] INSERT INTO `fa_auth_rule` (`name` , `title` , `ismenu` , `icon` , `pid` , `status` , `createtime` , `updatetime`) VALUES ('command/del' , '删除' , 0 , 'fa fa-circle-o' , 130 , 'normal' , 1538116331 , 1538116331) [ RunTime:0.001281s ]
[ sql ] [ SQL ] INSERT INTO `fa_auth_rule` (`name` , `title` , `ismenu` , `icon` , `pid` , `status` , `createtime` , `updatetime`) VALUES ('command/multi' , '批量更新' , 0 , 'fa fa-circle-o' , 130 , 'normal' , 1538116331 , 1538116331) [ RunTime:0.001081s ]
[ sql ] [ SQL ] SHOW COLUMNS FROM `fa_admin_log` [ RunTime:0.002993s ]
[ sql ] [ SQL ] INSERT INTO `fa_admin_log` (`title` , `content` , `url` , `admin_id` , `username` , `useragent` , `ip` , `createtime`) VALUES ('插件管理 安装' , '{\"name\":\"command\",\"faversion\":\"1.0.0.20180911_beta\"}' , '/public/admin.php/addon/install' , 1 , 'admin' , 'Mozilla/5.0 (Windows NT 10.0; Win64; x64) AppleWebKit/537.36 (KHTML, like Gecko) Chrome/69.0.3497.100 Safari/537.36' , '223.88.55.59' , 1538116331) [ RunTime:0.002847s ]
---------------------------------------------------------------
[ 2018-09-28T14:32:11+08:00 ] 223.88.55.59 POST /public/admin.php/index/index
[ sql ] [ DB ] CONNECT:[ UseTime:0.004796s ] mysql:host=sxl1ulvb.2297.dnstoo.com;port=5512;dbname=tpadmin;charset=utf8
[ sql ] [ SQL ] SHOW COLUMNS FROM `fa_auth_group_access` [ RunTime:0.003027s ]
[ sql ] [ SQL ] SELECT `aga`.`uid`,`aga`.`group_id`,`ag`.`id`,`ag`.`pid`,`ag`.`name`,`ag`.`rules` FROM `fa_auth_group_access` `aga` LEFT JOIN `fa_auth_group` `ag` ON `aga`.`group_id`=`ag`.`id` WHERE  (  aga.uid='1' and ag.status='normal' ) [ RunTime:0.002822s ]
[ sql ] [ SQL ] SHOW COLUMNS FROM `fa_auth_rule` [ RunTime:0.002924s ]
[ sql ] [ SQL ] SELECT `id`,`pid`,`condition`,`icon`,`name`,`title`,`ismenu` FROM `fa_auth_rule` WHERE  `status` = 'normal' [ RunTime:0.002508s ]
[ sql ] [ SQL ] SELECT * FROM `fa_auth_rule` WHERE  `status` = 'normal'  AND `ismenu` = 1 ORDER BY `weigh` DESC [ RunTime:0.002915s ]
[ sql ] [ SQL ] SHOW COLUMNS FROM `fa_admin_log` [ RunTime:0.003916s ]
[ sql ] [ SQL ] INSERT INTO `fa_admin_log` (`title` , `content` , `url` , `admin_id` , `username` , `useragent` , `ip` , `createtime`) VALUES ('' , '{\"action\":\"refreshmenu\"}' , '/public/admin.php/index/index' , 1 , 'admin' , 'Mozilla/5.0 (Windows NT 10.0; Win64; x64) AppleWebKit/537.36 (KHTML, like Gecko) Chrome/69.0.3497.100 Safari/537.36' , '223.88.55.59' , 1538116331) [ RunTime:0.001902s ]
---------------------------------------------------------------
[ 2018-09-28T14:32:12+08:00 ] 223.88.55.59 POST /public/admin.php/index/index
[ sql ] [ DB ] CONNECT:[ UseTime:0.004667s ] mysql:host=sxl1ulvb.2297.dnstoo.com;port=5512;dbname=tpadmin;charset=utf8
[ sql ] [ SQL ] SHOW COLUMNS FROM `fa_auth_group_access` [ RunTime:0.002851s ]
[ sql ] [ SQL ] SELECT `aga`.`uid`,`aga`.`group_id`,`ag`.`id`,`ag`.`pid`,`ag`.`name`,`ag`.`rules` FROM `fa_auth_group_access` `aga` LEFT JOIN `fa_auth_group` `ag` ON `aga`.`group_id`=`ag`.`id` WHERE  (  aga.uid='1' and ag.status='normal' ) [ RunTime:0.002089s ]
[ sql ] [ SQL ] SHOW COLUMNS FROM `fa_auth_rule` [ RunTime:0.002510s ]
[ sql ] [ SQL ] SELECT `id`,`pid`,`condition`,`icon`,`name`,`title`,`ismenu` FROM `fa_auth_rule` WHERE  `status` = 'normal' [ RunTime:0.002927s ]
[ sql ] [ SQL ] SHOW COLUMNS FROM `fa_admin_log` [ RunTime:0.003198s ]
[ sql ] [ SQL ] INSERT INTO `fa_admin_log` (`title` , `content` , `url` , `admin_id` , `username` , `useragent` , `ip` , `createtime`) VALUES ('' , '{\"action\":\"refreshmenu\"}' , '/public/admin.php/index/index' , 1 , 'admin' , 'Mozilla/5.0 (Windows NT 10.0; Win64; x64) AppleWebKit/537.36 (KHTML, like Gecko) Chrome/69.0.3497.100 Safari/537.36' , '223.88.55.59' , 1538116332) [ RunTime:0.001819s ]
---------------------------------------------------------------
[ 2018-09-28T14:32:12+08:00 ] 223.88.55.59 POST /public/admin.php/index/index
[ sql ] [ DB ] CONNECT:[ UseTime:0.004746s ] mysql:host=sxl1ulvb.2297.dnstoo.com;port=5512;dbname=tpadmin;charset=utf8
[ sql ] [ SQL ] SHOW COLUMNS FROM `fa_auth_group_access` [ RunTime:0.002648s ]
[ sql ] [ SQL ] SELECT `aga`.`uid`,`aga`.`group_id`,`ag`.`id`,`ag`.`pid`,`ag`.`name`,`ag`.`rules` FROM `fa_auth_group_access` `aga` LEFT JOIN `fa_auth_group` `ag` ON `aga`.`group_id`=`ag`.`id` WHERE  (  aga.uid='1' and ag.status='normal' ) [ RunTime:0.002103s ]
[ sql ] [ SQL ] SHOW COLUMNS FROM `fa_auth_rule` [ RunTime:0.002844s ]
[ sql ] [ SQL ] SELECT `id`,`pid`,`condition`,`icon`,`name`,`title`,`ismenu` FROM `fa_auth_rule` WHERE  `status` = 'normal' [ RunTime:0.002959s ]
[ sql ] [ SQL ] SHOW COLUMNS FROM `fa_admin_log` [ RunTime:0.003157s ]
[ sql ] [ SQL ] INSERT INTO `fa_admin_log` (`title` , `content` , `url` , `admin_id` , `username` , `useragent` , `ip` , `createtime`) VALUES ('' , '{\"action\":\"refreshmenu\"}' , '/public/admin.php/index/index' , 1 , 'admin' , 'Mozilla/5.0 (Windows NT 10.0; Win64; x64) AppleWebKit/537.36 (KHTML, like Gecko) Chrome/69.0.3497.100 Safari/537.36' , '223.88.55.59' , 1538116332) [ RunTime:0.003673s ]
---------------------------------------------------------------
[ 2018-09-28T14:32:39+08:00 ] 223.88.55.59 GET /public/admin.php/command?addtabs=1
[ sql ] [ DB ] CONNECT:[ UseTime:0.006005s ] mysql:host=sxl1ulvb.2297.dnstoo.com;port=5512;dbname=tpadmin;charset=utf8
[ sql ] [ SQL ] SHOW COLUMNS FROM `fa_auth_group_access` [ RunTime:0.003198s ]
[ sql ] [ SQL ] SELECT `aga`.`uid`,`aga`.`group_id`,`ag`.`id`,`ag`.`pid`,`ag`.`name`,`ag`.`rules` FROM `fa_auth_group_access` `aga` LEFT JOIN `fa_auth_group` `ag` ON `aga`.`group_id`=`ag`.`id` WHERE  (  aga.uid='1' and ag.status='normal' ) [ RunTime:0.002712s ]
[ sql ] [ SQL ] SHOW COLUMNS FROM `fa_auth_rule` [ RunTime:0.003266s ]
[ sql ] [ SQL ] SELECT `id`,`pid`,`condition`,`icon`,`name`,`title`,`ismenu` FROM `fa_auth_rule` WHERE  `status` = 'normal' [ RunTime:0.002695s ]
[ sql ] [ SQL ] SELECT `title`,`remark` FROM `fa_auth_rule` WHERE  `name` = 'command' LIMIT 1 [ RunTime:0.002547s ]
---------------------------------------------------------------
[ 2018-09-28T14:32:40+08:00 ] 223.88.55.59 GET /public/admin.php/command/index?sort=id&order=desc&offset=0&limit=10&filter=%7B%7D&op=%7B%7D&_=1538116366057
[ sql ] [ DB ] CONNECT:[ UseTime:0.004823s ] mysql:host=sxl1ulvb.2297.dnstoo.com;port=5512;dbname=tpadmin;charset=utf8
[ sql ] [ SQL ] SHOW COLUMNS FROM `fa_auth_group_access` [ RunTime:0.002607s ]
[ sql ] [ SQL ] SELECT `aga`.`uid`,`aga`.`group_id`,`ag`.`id`,`ag`.`pid`,`ag`.`name`,`ag`.`rules` FROM `fa_auth_group_access` `aga` LEFT JOIN `fa_auth_group` `ag` ON `aga`.`group_id`=`ag`.`id` WHERE  (  aga.uid='1' and ag.status='normal' ) [ RunTime:0.002186s ]
[ sql ] [ SQL ] SHOW COLUMNS FROM `fa_auth_rule` [ RunTime:0.002150s ]
[ sql ] [ SQL ] SELECT `id`,`pid`,`condition`,`icon`,`name`,`title`,`ismenu` FROM `fa_auth_rule` WHERE  `status` = 'normal' [ RunTime:0.002870s ]
[ sql ] [ SQL ] SHOW COLUMNS FROM `fa_command` [ RunTime:0.002672s ]
[ sql ] [ SQL ] SELECT COUNT(*) AS tp_count FROM `fa_command` ORDER BY `id` DESC LIMIT 1 [ RunTime:0.001759s ]
[ sql ] [ SQL ] SELECT * FROM `fa_command` ORDER BY `id` DESC LIMIT 0,10 [ RunTime:0.001903s ]
---------------------------------------------------------------
[ 2018-09-28T14:32:43+08:00 ] 223.88.55.59 GET /public/admin.php/addon?addtabs=1
[ sql ] [ DB ] CONNECT:[ UseTime:0.005054s ] mysql:host=sxl1ulvb.2297.dnstoo.com;port=5512;dbname=tpadmin;charset=utf8
[ sql ] [ SQL ] SHOW COLUMNS FROM `fa_auth_group_access` [ RunTime:0.002905s ]
[ sql ] [ SQL ] SELECT `aga`.`uid`,`aga`.`group_id`,`ag`.`id`,`ag`.`pid`,`ag`.`name`,`ag`.`rules` FROM `fa_auth_group_access` `aga` LEFT JOIN `fa_auth_group` `ag` ON `aga`.`group_id`=`ag`.`id` WHERE  (  aga.uid='1' and ag.status='normal' ) [ RunTime:0.001831s ]
[ sql ] [ SQL ] SHOW COLUMNS FROM `fa_auth_rule` [ RunTime:0.002601s ]
[ sql ] [ SQL ] SELECT `id`,`pid`,`condition`,`icon`,`name`,`title`,`ismenu` FROM `fa_auth_rule` WHERE  `status` = 'normal' [ RunTime:0.002747s ]
[ sql ] [ SQL ] SELECT `title`,`remark` FROM `fa_auth_rule` WHERE  `name` = 'addon' LIMIT 1 [ RunTime:0.001696s ]
---------------------------------------------------------------
[ 2018-09-28T14:35:13+08:00 ] 223.88.55.59 GET /public/admin.php/category?addtabs=1
[ sql ] [ DB ] CONNECT:[ UseTime:0.004888s ] mysql:host=sxl1ulvb.2297.dnstoo.com;port=5512;dbname=tpadmin;charset=utf8
[ sql ] [ SQL ] SHOW COLUMNS FROM `fa_auth_group_access` [ RunTime:0.003176s ]
[ sql ] [ SQL ] SELECT `aga`.`uid`,`aga`.`group_id`,`ag`.`id`,`ag`.`pid`,`ag`.`name`,`ag`.`rules` FROM `fa_auth_group_access` `aga` LEFT JOIN `fa_auth_group` `ag` ON `aga`.`group_id`=`ag`.`id` WHERE  (  aga.uid='1' and ag.status='normal' ) [ RunTime:0.002060s ]
[ sql ] [ SQL ] SHOW COLUMNS FROM `fa_auth_rule` [ RunTime:0.002440s ]
[ sql ] [ SQL ] SELECT `id`,`pid`,`condition`,`icon`,`name`,`title`,`ismenu` FROM `fa_auth_rule` WHERE  `status` = 'normal' [ RunTime:0.002625s ]
[ sql ] [ SQL ] SHOW COLUMNS FROM `fa_category` [ RunTime:0.002777s ]
[ sql ] [ SQL ] SELECT * FROM `fa_category` ORDER BY `weigh` DESC,`id` DESC [ RunTime:0.002132s ]
[ sql ] [ SQL ] SELECT `title`,`remark` FROM `fa_auth_rule` WHERE  `name` = 'category' LIMIT 1 [ RunTime:0.001907s ]
---------------------------------------------------------------
[ 2018-09-28T14:35:14+08:00 ] 223.88.55.59 GET /public/admin.php/category/index?sort=weigh&order=desc&_=1538116520225
[ sql ] [ DB ] CONNECT:[ UseTime:0.005246s ] mysql:host=sxl1ulvb.2297.dnstoo.com;port=5512;dbname=tpadmin;charset=utf8
[ sql ] [ SQL ] SHOW COLUMNS FROM `fa_auth_group_access` [ RunTime:0.002803s ]
[ sql ] [ SQL ] SELECT `aga`.`uid`,`aga`.`group_id`,`ag`.`id`,`ag`.`pid`,`ag`.`name`,`ag`.`rules` FROM `fa_auth_group_access` `aga` LEFT JOIN `fa_auth_group` `ag` ON `aga`.`group_id`=`ag`.`id` WHERE  (  aga.uid='1' and ag.status='normal' ) [ RunTime:0.002176s ]
[ sql ] [ SQL ] SHOW COLUMNS FROM `fa_auth_rule` [ RunTime:0.002649s ]
[ sql ] [ SQL ] SELECT `id`,`pid`,`condition`,`icon`,`name`,`title`,`ismenu` FROM `fa_auth_rule` WHERE  `status` = 'normal' [ RunTime:0.002604s ]
[ sql ] [ SQL ] SHOW COLUMNS FROM `fa_category` [ RunTime:0.003491s ]
[ sql ] [ SQL ] SELECT * FROM `fa_category` ORDER BY `weigh` DESC,`id` DESC [ RunTime:0.002142s ]
---------------------------------------------------------------
[ 2018-09-28T14:36:46+08:00 ] 223.88.55.59 GET /public/admin.php/command/add?dialog=1
[ sql ] [ DB ] CONNECT:[ UseTime:0.006369s ] mysql:host=sxl1ulvb.2297.dnstoo.com;port=5512;dbname=tpadmin;charset=utf8
[ sql ] [ SQL ] SHOW COLUMNS FROM `fa_auth_group_access` [ RunTime:0.002923s ]
[ sql ] [ SQL ] SELECT `aga`.`uid`,`aga`.`group_id`,`ag`.`id`,`ag`.`pid`,`ag`.`name`,`ag`.`rules` FROM `fa_auth_group_access` `aga` LEFT JOIN `fa_auth_group` `ag` ON `aga`.`group_id`=`ag`.`id` WHERE  (  aga.uid='1' and ag.status='normal' ) [ RunTime:0.001857s ]
[ sql ] [ SQL ] SHOW COLUMNS FROM `fa_auth_rule` [ RunTime:0.002835s ]
[ sql ] [ SQL ] SELECT `id`,`pid`,`condition`,`icon`,`name`,`title`,`ismenu` FROM `fa_auth_rule` WHERE  `status` = 'normal' [ RunTime:0.002737s ]
[ sql ] [ SQL ] SHOW TABLES [ RunTime:0.002631s ]
---------------------------------------------------------------
[ 2018-09-28T14:36:47+08:00 ] 223.88.55.59 POST /public/admin.php/command/get_field_list
[ sql ] [ DB ] CONNECT:[ UseTime:0.004953s ] mysql:host=sxl1ulvb.2297.dnstoo.com;port=5512;dbname=tpadmin;charset=utf8
[ sql ] [ SQL ] SELECT * FROM `information_schema`.`columns` WHERE TABLE_SCHEMA = 'tpadmin' AND table_name = 'ad_option_log' ORDER BY ORDINAL_POSITION [ RunTime:0.003336s ]
[ sql ] [ SQL ] 'ad_option_log'tpadmin'HOW COLUMNS FROM `fa_admin_log` [ RunTime:0.002702s ]
[ sql ] [ SQL ] INSERT INTO `fa_admin_log` (`title` , `content` , `url` , `admin_id` , `username` , `useragent` , `ip` , `createtime`) VALUES ('' , '{\"table\":\"ad_option_log\"}' , '/public/admin.php/command/get_field_list' , 1 , 'admin' , 'Mozilla/5.0 (Windows NT 10.0; Win64; x64) AppleWebKit/537.36 (KHTML, like Gecko) Chrome/69.0.3497.100 Safari/537.36' , '223.88.55.59' , 1538116607) [ RunTime:0.009133s ]
---------------------------------------------------------------
[ 2018-09-28T14:38:11+08:00 ] 223.88.55.59 GET /public/admin.php/auth/admin?addtabs=1
[ sql ] [ DB ] CONNECT:[ UseTime:0.025766s ] mysql:host=sxl1ulvb.2297.dnstoo.com;port=5512;dbname=tpadmin;charset=utf8
[ sql ] [ SQL ] SHOW COLUMNS FROM `fa_auth_group_access` [ RunTime:0.006168s ]
[ sql ] [ SQL ] SELECT `aga`.`uid`,`aga`.`group_id`,`ag`.`id`,`ag`.`pid`,`ag`.`name`,`ag`.`rules` FROM `fa_auth_group_access` `aga` LEFT JOIN `fa_auth_group` `ag` ON `aga`.`group_id`=`ag`.`id` WHERE  (  aga.uid='1' and ag.status='normal' ) [ RunTime:0.003079s ]
[ sql ] [ SQL ] SHOW COLUMNS FROM `fa_auth_rule` [ RunTime:0.002802s ]
[ sql ] [ SQL ] SELECT `id`,`pid`,`condition`,`icon`,`name`,`title`,`ismenu` FROM `fa_auth_rule` WHERE  `status` = 'normal' [ RunTime:0.002903s ]
[ sql ] [ SQL ] SHOW COLUMNS FROM `fa_admin` [ RunTime:0.005535s ]
[ sql ] [ SQL ] SELECT `id` FROM `fa_admin` [ RunTime:0.003063s ]
[ sql ] [ SQL ] SHOW COLUMNS FROM `fa_auth_group` [ RunTime:0.002645s ]
[ sql ] [ SQL ] SELECT * FROM `fa_auth_group` WHERE  `status` = 'normal' [ RunTime:0.003295s ]
[ sql ] [ SQL ] SELECT * FROM `fa_auth_group` WHERE  `id` IN (1,2,3,4,5) [ RunTime:0.002104s ]
[ sql ] [ SQL ] SELECT `title`,`remark` FROM `fa_auth_rule` WHERE  `name` = 'auth/admin' LIMIT 1 [ RunTime:0.002167s ]
---------------------------------------------------------------
[ 2018-09-28T14:38:12+08:00 ] 223.88.55.59 GET /public/admin.php/auth/admin/index?sort=id&order=desc&offset=0&limit=10&filter=%7B%7D&op=%7B%7D&_=1538116698414
[ sql ] [ DB ] CONNECT:[ UseTime:0.004963s ] mysql:host=sxl1ulvb.2297.dnstoo.com;port=5512;dbname=tpadmin;charset=utf8
[ sql ] [ SQL ] SHOW COLUMNS FROM `fa_auth_group_access` [ RunTime:0.004206s ]
[ sql ] [ SQL ] SELECT `aga`.`uid`,`aga`.`group_id`,`ag`.`id`,`ag`.`pid`,`ag`.`name`,`ag`.`rules` FROM `fa_auth_group_access` `aga` LEFT JOIN `fa_auth_group` `ag` ON `aga`.`group_id`=`ag`.`id` WHERE  (  aga.uid='1' and ag.status='normal' ) [ RunTime:0.002924s ]
[ sql ] [ SQL ] SHOW COLUMNS FROM `fa_auth_rule` [ RunTime:0.003617s ]
[ sql ] [ SQL ] SELECT `id`,`pid`,`condition`,`icon`,`name`,`title`,`ismenu` FROM `fa_auth_rule` WHERE  `status` = 'normal' [ RunTime:0.003076s ]
[ sql ] [ SQL ] SHOW COLUMNS FROM `fa_admin` [ RunTime:0.005400s ]
[ sql ] [ SQL ] SELECT `id` FROM `fa_admin` [ RunTime:0.004658s ]
[ sql ] [ SQL ] SHOW COLUMNS FROM `fa_auth_group` [ RunTime:0.002716s ]
[ sql ] [ SQL ] SELECT * FROM `fa_auth_group` WHERE  `status` = 'normal' [ RunTime:0.002137s ]
[ sql ] [ SQL ] SELECT * FROM `fa_auth_group` WHERE  `id` IN (1,2,3,4,5) [ RunTime:0.002023s ]
[ sql ] [ SQL ] SELECT `id`,`name` FROM `fa_auth_group` WHERE  `id` IN (1,2,3,4,5) [ RunTime:0.002948s ]
[ sql ] [ SQL ] SELECT `uid`,`group_id` FROM `fa_auth_group_access` WHERE  `group_id` IN (1,2,3,4,5) [ RunTime:0.002614s ]
[ sql ] [ SQL ] SELECT COUNT(*) AS tp_count FROM `fa_admin` WHERE  `id` IN (1,2,4,3,5) ORDER BY `id` DESC LIMIT 1 [ RunTime:0.002658s ]
[ sql ] [ SQL ] SELECT `id`,`username`,`nickname`,`avatar`,`email`,`loginfailure`,`logintime`,`createtime`,`updatetime`,`status` FROM `fa_admin` WHERE  `id` IN (1,2,4,3,5) ORDER BY `id` DESC LIMIT 0,10 [ RunTime:0.002336s ]
---------------------------------------------------------------
[ 2018-09-28T14:38:44+08:00 ] 223.88.55.59 GET /public/admin.php/auth/admin/edit/ids/5?dialog=1
[ sql ] [ DB ] CONNECT:[ UseTime:0.005238s ] mysql:host=sxl1ulvb.2297.dnstoo.com;port=5512;dbname=tpadmin;charset=utf8
[ sql ] [ SQL ] SHOW COLUMNS FROM `fa_auth_group_access` [ RunTime:0.002699s ]
[ sql ] [ SQL ] SELECT `aga`.`uid`,`aga`.`group_id`,`ag`.`id`,`ag`.`pid`,`ag`.`name`,`ag`.`rules` FROM `fa_auth_group_access` `aga` LEFT JOIN `fa_auth_group` `ag` ON `aga`.`group_id`=`ag`.`id` WHERE  (  aga.uid='1' and ag.status='normal' ) [ RunTime:0.002589s ]
[ sql ] [ SQL ] SHOW COLUMNS FROM `fa_auth_rule` [ RunTime:0.003705s ]
[ sql ] [ SQL ] SELECT `id`,`pid`,`condition`,`icon`,`name`,`title`,`ismenu` FROM `fa_auth_rule` WHERE  `status` = 'normal' [ RunTime:0.003053s ]
[ sql ] [ SQL ] SHOW COLUMNS FROM `fa_admin` [ RunTime:0.002900s ]
[ sql ] [ SQL ] SELECT `id` FROM `fa_admin` [ RunTime:0.002160s ]
[ sql ] [ SQL ] SHOW COLUMNS FROM `fa_auth_group` [ RunTime:0.002966s ]
[ sql ] [ SQL ] SELECT * FROM `fa_auth_group` WHERE  `status` = 'normal' [ RunTime:0.002032s ]
[ sql ] [ SQL ] SELECT * FROM `fa_auth_group` WHERE  `id` IN (1,2,3,4,5) [ RunTime:0.002261s ]
[ sql ] [ SQL ] SELECT * FROM `fa_admin` WHERE  `id` = 5 LIMIT 1 [ RunTime:0.002276s ]
[ sql ] [ SQL ] SELECT `aga`.`uid`,`aga`.`group_id`,`ag`.`id`,`ag`.`pid`,`ag`.`name`,`ag`.`rules` FROM `fa_auth_group_access` `aga` LEFT JOIN `fa_auth_group` `ag` ON `aga`.`group_id`=`ag`.`id` WHERE  (  aga.uid='5' and ag.status='normal' ) [ RunTime:0.002160s ]
---------------------------------------------------------------
[ 2018-09-28T14:39:15+08:00 ] 223.88.55.59 GET /public/admin.php/auth/group?addtabs=1
[ sql ] [ DB ] CONNECT:[ UseTime:0.005337s ] mysql:host=sxl1ulvb.2297.dnstoo.com;port=5512;dbname=tpadmin;charset=utf8
[ sql ] [ SQL ] SHOW COLUMNS FROM `fa_auth_group_access` [ RunTime:0.003519s ]
[ sql ] [ SQL ] SELECT `aga`.`uid`,`aga`.`group_id`,`ag`.`id`,`ag`.`pid`,`ag`.`name`,`ag`.`rules` FROM `fa_auth_group_access` `aga` LEFT JOIN `fa_auth_group` `ag` ON `aga`.`group_id`=`ag`.`id` WHERE  (  aga.uid='1' and ag.status='normal' ) [ RunTime:0.002727s ]
[ sql ] [ SQL ] SHOW COLUMNS FROM `fa_auth_rule` [ RunTime:0.003601s ]
[ sql ] [ SQL ] SELECT `id`,`pid`,`condition`,`icon`,`name`,`title`,`ismenu` FROM `fa_auth_rule` WHERE  `status` = 'normal' [ RunTime:0.003104s ]
[ sql ] [ SQL ] SHOW COLUMNS FROM `fa_auth_group` [ RunTime:0.003679s ]
[ sql ] [ SQL ] SELECT * FROM `fa_auth_group` WHERE  `status` = 'normal' [ RunTime:0.002455s ]
[ sql ] [ SQL ] SELECT * FROM `fa_auth_group` WHERE  `id` IN (1,2,3,4,5) [ RunTime:0.001821s ]
[ sql ] [ SQL ] SELECT `title`,`remark` FROM `fa_auth_rule` WHERE  `name` = 'auth/group' LIMIT 1 [ RunTime:0.003051s ]
---------------------------------------------------------------
[ 2018-09-28T14:39:16+08:00 ] 223.88.55.59 GET /public/admin.php/auth/group/index?sort=id&order=desc&_=1538116762280
[ sql ] [ DB ] CONNECT:[ UseTime:0.004673s ] mysql:host=sxl1ulvb.2297.dnstoo.com;port=5512;dbname=tpadmin;charset=utf8
[ sql ] [ SQL ] SHOW COLUMNS FROM `fa_auth_group_access` [ RunTime:0.002975s ]
[ sql ] [ SQL ] SELECT `aga`.`uid`,`aga`.`group_id`,`ag`.`id`,`ag`.`pid`,`ag`.`name`,`ag`.`rules` FROM `fa_auth_group_access` `aga` LEFT JOIN `fa_auth_group` `ag` ON `aga`.`group_id`=`ag`.`id` WHERE  (  aga.uid='1' and ag.status='normal' ) [ RunTime:0.004290s ]
[ sql ] [ SQL ] SHOW COLUMNS FROM `fa_auth_rule` [ RunTime:0.004412s ]
[ sql ] [ SQL ] SELECT `id`,`pid`,`condition`,`icon`,`name`,`title`,`ismenu` FROM `fa_auth_rule` WHERE  `status` = 'normal' [ RunTime:0.004738s ]
[ sql ] [ SQL ] SHOW COLUMNS FROM `fa_auth_group` [ RunTime:0.003050s ]
[ sql ] [ SQL ] SELECT * FROM `fa_auth_group` WHERE  `status` = 'normal' [ RunTime:0.002390s ]
[ sql ] [ SQL ] SELECT * FROM `fa_auth_group` WHERE  `id` IN (1,2,3,4,5) [ RunTime:0.002410s ]
[ sql ] [ SQL ] SELECT * FROM `fa_auth_group` WHERE  `id` IN (1,2,3,5,4) [ RunTime:0.002145s ]
---------------------------------------------------------------
[ 2018-09-28T14:39:22+08:00 ] 223.88.55.59 GET /public/admin.php/auth/group/edit/ids/5?dialog=1
[ sql ] [ DB ] CONNECT:[ UseTime:0.006851s ] mysql:host=sxl1ulvb.2297.dnstoo.com;port=5512;dbname=tpadmin;charset=utf8
[ sql ] [ SQL ] SHOW COLUMNS FROM `fa_auth_group_access` [ RunTime:0.003432s ]
[ sql ] [ SQL ] SELECT `aga`.`uid`,`aga`.`group_id`,`ag`.`id`,`ag`.`pid`,`ag`.`name`,`ag`.`rules` FROM `fa_auth_group_access` `aga` LEFT JOIN `fa_auth_group` `ag` ON `aga`.`group_id`=`ag`.`id` WHERE  (  aga.uid='1' and ag.status='normal' ) [ RunTime:0.002924s ]
[ sql ] [ SQL ] SHOW COLUMNS FROM `fa_auth_rule` [ RunTime:0.002675s ]
[ sql ] [ SQL ] SELECT `id`,`pid`,`condition`,`icon`,`name`,`title`,`ismenu` FROM `fa_auth_rule` WHERE  `status` = 'normal' [ RunTime:0.003312s ]
[ sql ] [ SQL ] SHOW COLUMNS FROM `fa_auth_group` [ RunTime:0.002569s ]
[ sql ] [ SQL ] SELECT * FROM `fa_auth_group` WHERE  `status` = 'normal' [ RunTime:0.002001s ]
[ sql ] [ SQL ] SELECT * FROM `fa_auth_group` WHERE  `id` IN (1,2,3,4,5) [ RunTime:0.002288s ]
[ sql ] [ SQL ] SELECT * FROM `fa_auth_group` WHERE  `id` = 5 LIMIT 1 [ RunTime:0.002186s ]
---------------------------------------------------------------
[ 2018-09-28T14:39:23+08:00 ] 223.88.55.59 POST /public/admin.php/auth/group/roletree
[ sql ] [ DB ] CONNECT:[ UseTime:0.004705s ] mysql:host=sxl1ulvb.2297.dnstoo.com;port=5512;dbname=tpadmin;charset=utf8
[ sql ] [ SQL ] SHOW COLUMNS FROM `fa_auth_group_access` [ RunTime:0.003614s ]
[ sql ] [ SQL ] SELECT `aga`.`uid`,`aga`.`group_id`,`ag`.`id`,`ag`.`pid`,`ag`.`name`,`ag`.`rules` FROM `fa_auth_group_access` `aga` LEFT JOIN `fa_auth_group` `ag` ON `aga`.`group_id`=`ag`.`id` WHERE  (  aga.uid='1' and ag.status='normal' ) [ RunTime:0.005273s ]
[ sql ] [ SQL ] SHOW COLUMNS FROM `fa_auth_group` [ RunTime:0.003061s ]
[ sql ] [ SQL ] SELECT * FROM `fa_auth_group` WHERE  `status` = 'normal' [ RunTime:0.002372s ]
[ sql ] [ SQL ] SELECT * FROM `fa_auth_group` WHERE  `id` IN (1,2,3,4,5) [ RunTime:0.002688s ]
[ sql ] [ SQL ] SELECT * FROM `fa_auth_group` WHERE  `id` = 2 LIMIT 1 [ RunTime:0.002098s ]
[ sql ] [ SQL ] SELECT * FROM `fa_auth_group` WHERE  `id` = 5 LIMIT 1 [ RunTime:0.002292s ]
[ sql ] [ SQL ] SHOW COLUMNS FROM `fa_auth_rule` [ RunTime:0.003659s ]
[ sql ] [ SQL ] SELECT * FROM `fa_auth_rule` ORDER BY `weigh` DESC [ RunTime:0.003118s ]
[ sql ] [ SQL ] SHOW COLUMNS FROM `fa_admin_log` [ RunTime:0.005362s ]
[ sql ] [ SQL ] INSERT INTO `fa_admin_log` (`title` , `content` , `url` , `admin_id` , `username` , `useragent` , `ip` , `createtime`) VALUES ('' , '{\"id\":\"5\",\"pid\":\"2\"}' , '/public/admin.php/auth/group/roletree' , 1 , 'admin' , 'Mozilla/5.0 (Windows NT 10.0; Win64; x64) AppleWebKit/537.36 (KHTML, like Gecko) Chrome/69.0.3497.100 Safari/537.36' , '223.88.55.59' , 1538116763) [ RunTime:0.002796s ]
---------------------------------------------------------------
[ 2018-09-28T14:39:39+08:00 ] 223.88.55.59 POST /public/admin.php/auth/group/edit/ids/5?dialog=1
[ sql ] [ DB ] CONNECT:[ UseTime:0.005907s ] mysql:host=sxl1ulvb.2297.dnstoo.com;port=5512;dbname=tpadmin;charset=utf8
[ sql ] [ SQL ] SHOW COLUMNS FROM `fa_auth_group_access` [ RunTime:0.002977s ]
[ sql ] [ SQL ] SELECT `aga`.`uid`,`aga`.`group_id`,`ag`.`id`,`ag`.`pid`,`ag`.`name`,`ag`.`rules` FROM `fa_auth_group_access` `aga` LEFT JOIN `fa_auth_group` `ag` ON `aga`.`group_id`=`ag`.`id` WHERE  (  aga.uid='1' and ag.status='normal' ) [ RunTime:0.001938s ]
[ sql ] [ SQL ] SHOW COLUMNS FROM `fa_auth_rule` [ RunTime:0.002950s ]
[ sql ] [ SQL ] SELECT `id`,`pid`,`condition`,`icon`,`name`,`title`,`ismenu` FROM `fa_auth_rule` WHERE  `status` = 'normal' [ RunTime:0.002997s ]
[ sql ] [ SQL ] SHOW COLUMNS FROM `fa_auth_group` [ RunTime:0.003194s ]
[ sql ] [ SQL ] SELECT * FROM `fa_auth_group` WHERE  `status` = 'normal' [ RunTime:0.001985s ]
[ sql ] [ SQL ] SELECT * FROM `fa_auth_group` WHERE  `id` IN (1,2,3,4,5) [ RunTime:0.002313s ]
[ sql ] [ SQL ] SELECT * FROM `fa_auth_group` WHERE  `id` = 5 LIMIT 1 [ RunTime:0.002464s ]
[ sql ] [ SQL ] SELECT * FROM `fa_auth_group` WHERE  `id` = 2 LIMIT 1 [ RunTime:0.002516s ]
[ sql ] [ SQL ] UPDATE `fa_auth_group`  SET `name`='三级管理组2',`rules`='13,14,16,15,17,1',`updatetime`=1538116779  WHERE  `id` = 5 [ RunTime:0.003297s ]
[ sql ] [ SQL ] SHOW COLUMNS FROM `fa_admin_log` [ RunTime:0.003229s ]
[ sql ] [ SQL ] INSERT INTO `fa_admin_log` (`title` , `content` , `url` , `admin_id` , `username` , `useragent` , `ip` , `createtime`) VALUES ('权限管理 角色组 编辑' , '{\"dialog\":\"1\",\"row\":{\"rules\":\"1,13,14,15,16,17\",\"pid\":\"2\",\"name\":\"\\u4e09\\u7ea7\\u7ba1\\u7406\\u7ec42\",\"status\":\"normal\"},\"ids\":\"5\"}' , '/public/admin.php/auth/group/edit/ids/5?dialog=1' , 1 , 'admin' , 'Mozilla/5.0 (Windows NT 10.0; Win64; x64) AppleWebKit/537.36 (KHTML, like Gecko) Chrome/69.0.3497.100 Safari/537.36' , '223.88.55.59' , 1538116779) [ RunTime:0.002076s ]
---------------------------------------------------------------
[ 2018-09-28T14:39:40+08:00 ] 223.88.55.59 GET /public/admin.php/auth/group/index?sort=id&order=desc&_=1538116762281
[ sql ] [ DB ] CONNECT:[ UseTime:0.004390s ] mysql:host=sxl1ulvb.2297.dnstoo.com;port=5512;dbname=tpadmin;charset=utf8
[ sql ] [ SQL ] SHOW COLUMNS FROM `fa_auth_group_access` [ RunTime:0.002859s ]
[ sql ] [ SQL ] SELECT `aga`.`uid`,`aga`.`group_id`,`ag`.`id`,`ag`.`pid`,`ag`.`name`,`ag`.`rules` FROM `fa_auth_group_access` `aga` LEFT JOIN `fa_auth_group` `ag` ON `aga`.`group_id`=`ag`.`id` WHERE  (  aga.uid='1' and ag.status='normal' ) [ RunTime:0.002154s ]
[ sql ] [ SQL ] SHOW COLUMNS FROM `fa_auth_rule` [ RunTime:0.003064s ]
[ sql ] [ SQL ] SELECT `id`,`pid`,`condition`,`icon`,`name`,`title`,`ismenu` FROM `fa_auth_rule` WHERE  `status` = 'normal' [ RunTime:0.002975s ]
[ sql ] [ SQL ] SHOW COLUMNS FROM `fa_auth_group` [ RunTime:0.002347s ]
[ sql ] [ SQL ] SELECT * FROM `fa_auth_group` WHERE  `status` = 'normal' [ RunTime:0.002263s ]
[ sql ] [ SQL ] SELECT * FROM `fa_auth_group` WHERE  `id` IN (1,2,3,4,5) [ RunTime:0.006729s ]
[ sql ] [ SQL ] SELECT * FROM `fa_auth_group` WHERE  `id` IN (1,2,3,5,4) [ RunTime:0.002479s ]
---------------------------------------------------------------
[ 2018-09-28T14:40:08+08:00 ] 223.88.55.59 GET /public/admin.php/auth/admin/edit/ids/5?dialog=1
[ sql ] [ DB ] CONNECT:[ UseTime:0.004814s ] mysql:host=sxl1ulvb.2297.dnstoo.com;port=5512;dbname=tpadmin;charset=utf8
[ sql ] [ SQL ] SHOW COLUMNS FROM `fa_auth_group_access` [ RunTime:0.002632s ]
[ sql ] [ SQL ] SELECT `aga`.`uid`,`aga`.`group_id`,`ag`.`id`,`ag`.`pid`,`ag`.`name`,`ag`.`rules` FROM `fa_auth_group_access` `aga` LEFT JOIN `fa_auth_group` `ag` ON `aga`.`group_id`=`ag`.`id` WHERE  (  aga.uid='1' and ag.status='normal' ) [ RunTime:0.002372s ]
[ sql ] [ SQL ] SHOW COLUMNS FROM `fa_auth_rule` [ RunTime:0.002635s ]
[ sql ] [ SQL ] SELECT `id`,`pid`,`condition`,`icon`,`name`,`title`,`ismenu` FROM `fa_auth_rule` WHERE  `status` = 'normal' [ RunTime:0.007427s ]
[ sql ] [ SQL ] SHOW COLUMNS FROM `fa_admin` [ RunTime:0.002740s ]
[ sql ] [ SQL ] SELECT `id` FROM `fa_admin` [ RunTime:0.001727s ]
[ sql ] [ SQL ] SHOW COLUMNS FROM `fa_auth_group` [ RunTime:0.003055s ]
[ sql ] [ SQL ] SELECT * FROM `fa_auth_group` WHERE  `status` = 'normal' [ RunTime:0.001949s ]
[ sql ] [ SQL ] SELECT * FROM `fa_auth_group` WHERE  `id` IN (1,2,3,4,5) [ RunTime:0.002035s ]
[ sql ] [ SQL ] SELECT * FROM `fa_admin` WHERE  `id` = 5 LIMIT 1 [ RunTime:0.001974s ]
[ sql ] [ SQL ] SELECT `aga`.`uid`,`aga`.`group_id`,`ag`.`id`,`ag`.`pid`,`ag`.`name`,`ag`.`rules` FROM `fa_auth_group_access` `aga` LEFT JOIN `fa_auth_group` `ag` ON `aga`.`group_id`=`ag`.`id` WHERE  (  aga.uid='5' and ag.status='normal' ) [ RunTime:0.002019s ]
---------------------------------------------------------------
[ 2018-09-28T14:48:32+08:00 ] 223.88.55.59 GET /public/admin.php/index/logout
[ sql ] [ DB ] CONNECT:[ UseTime:0.024903s ] mysql:host=sxl1ulvb.2297.dnstoo.com;port=5512;dbname=tpadmin;charset=utf8
[ sql ] [ SQL ] SHOW COLUMNS FROM `fa_admin` [ RunTime:0.003192s ]
[ sql ] [ SQL ] SELECT * FROM `fa_admin` WHERE  `id` = 1 LIMIT 1 [ RunTime:0.002335s ]
[ sql ] [ SQL ] UPDATE `fa_admin`  SET `token`='',`updatetime`=1538117312  WHERE  `id` = 1 [ RunTime:0.002036s ]
---------------------------------------------------------------
[ 2018-09-28T14:48:46+08:00 ] 223.88.55.59 POST /public/admin.php/index/login
[ sql ] [ DB ] CONNECT:[ UseTime:0.005702s ] mysql:host=sxl1ulvb.2297.dnstoo.com;port=5512;dbname=tpadmin;charset=utf8
[ sql ] [ SQL ] SHOW COLUMNS FROM `fa_admin` [ RunTime:0.002820s ]
[ sql ] [ SQL ] SELECT * FROM `fa_admin` WHERE  `username` = 'admin32' LIMIT 1 [ RunTime:0.002309s ]
[ sql ] [ SQL ] UPDATE `fa_admin`  SET `loginfailure`=1,`updatetime`=1538117326  WHERE  `id` = 5 [ RunTime:0.007763s ]
[ sql ] [ SQL ] SHOW COLUMNS FROM `fa_admin_log` [ RunTime:0.003009s ]
[ sql ] [ SQL ] INSERT INTO `fa_admin_log` (`title` , `content` , `url` , `admin_id` , `username` , `useragent` , `ip` , `createtime`) VALUES ('登录' , '{\"__token__\":\"eda2f1506780f11a80ed80031a83aeef\",\"username\":\"admin32\"}' , '/public/admin.php/index/login' , 0 , 'Unknown' , 'Mozilla/5.0 (Windows NT 10.0; Win64; x64) AppleWebKit/537.36 (KHTML, like Gecko) Chrome/69.0.3497.100 Safari/537.36' , '223.88.55.59' , 1538117326) [ RunTime:0.002590s ]
---------------------------------------------------------------
[ 2018-09-28T14:49:06+08:00 ] 223.88.55.59 POST /public/admin.php/index/login
[ sql ] [ DB ] CONNECT:[ UseTime:0.006177s ] mysql:host=sxl1ulvb.2297.dnstoo.com;port=5512;dbname=tpadmin;charset=utf8
[ sql ] [ SQL ] SHOW COLUMNS FROM `fa_admin` [ RunTime:0.003037s ]
[ sql ] [ SQL ] SELECT * FROM `fa_admin` WHERE  `username` = 'admin32' LIMIT 1 [ RunTime:0.002897s ]
[ sql ] [ SQL ] UPDATE `fa_admin`  SET `loginfailure`=0,`logintime`=1538117346,`token`='d77e9743-a7e2-49c2-b086-1f18c702f32b',`updatetime`=1538117346  WHERE  `id` = 5 [ RunTime:0.003130s ]
[ sql ] [ SQL ] SHOW COLUMNS FROM `fa_admin_log` [ RunTime:0.002831s ]
[ sql ] [ SQL ] INSERT INTO `fa_admin_log` (`title` , `content` , `url` , `admin_id` , `username` , `useragent` , `ip` , `createtime`) VALUES ('登录' , '{\"__token__\":\"d77f92124685b85188093c8048f9b863\",\"username\":\"admin32\"}' , '/public/admin.php/index/login' , 5 , 'admin32' , 'Mozilla/5.0 (Windows NT 10.0; Win64; x64) AppleWebKit/537.36 (KHTML, like Gecko) Chrome/69.0.3497.100 Safari/537.36' , '223.88.55.59' , 1538117346) [ RunTime:0.002141s ]
---------------------------------------------------------------
[ 2018-09-28T14:49:06+08:00 ] 223.88.55.59 GET /public/admin.php/index/index
[ sql ] [ DB ] CONNECT:[ UseTime:0.006660s ] mysql:host=sxl1ulvb.2297.dnstoo.com;port=5512;dbname=tpadmin;charset=utf8
[ sql ] [ SQL ] SHOW COLUMNS FROM `fa_auth_group_access` [ RunTime:0.004943s ]
[ sql ] [ SQL ] SELECT `aga`.`uid`,`aga`.`group_id`,`ag`.`id`,`ag`.`pid`,`ag`.`name`,`ag`.`rules` FROM `fa_auth_group_access` `aga` LEFT JOIN `fa_auth_group` `ag` ON `aga`.`group_id`=`ag`.`id` WHERE  (  aga.uid='5' and ag.status='normal' ) [ RunTime:0.002922s ]
[ sql ] [ SQL ] SHOW COLUMNS FROM `fa_auth_rule` [ RunTime:0.003363s ]
[ sql ] [ SQL ] SELECT `id`,`pid`,`condition`,`icon`,`name`,`title`,`ismenu` FROM `fa_auth_rule` WHERE  `status` = 'normal'  AND `id` IN (13,14,16,15,17,1) [ RunTime:0.002506s ]
---------------------------------------------------------------
[ 2018-09-28T14:49:07+08:00 ] 223.88.55.59 GET /public/admin.php/dashboard?addtabs=1
[ sql ] [ DB ] CONNECT:[ UseTime:0.006222s ] mysql:host=sxl1ulvb.2297.dnstoo.com;port=5512;dbname=tpadmin;charset=utf8
[ sql ] [ SQL ] SHOW COLUMNS FROM `fa_auth_group_access` [ RunTime:0.003653s ]
[ sql ] [ SQL ] SELECT `aga`.`uid`,`aga`.`group_id`,`ag`.`id`,`ag`.`pid`,`ag`.`name`,`ag`.`rules` FROM `fa_auth_group_access` `aga` LEFT JOIN `fa_auth_group` `ag` ON `aga`.`group_id`=`ag`.`id` WHERE  (  aga.uid='5' and ag.status='normal' ) [ RunTime:0.003253s ]
[ sql ] [ SQL ] SHOW COLUMNS FROM `fa_auth_rule` [ RunTime:0.004036s ]
[ sql ] [ SQL ] SELECT `id`,`pid`,`condition`,`icon`,`name`,`title`,`ismenu` FROM `fa_auth_rule` WHERE  `status` = 'normal'  AND `id` IN (13,14,16,15,17,1) [ RunTime:0.003210s ]
[ sql ] [ SQL ] SELECT `title`,`remark` FROM `fa_auth_rule` WHERE  `name` = 'dashboard' LIMIT 1 [ RunTime:0.002921s ]
---------------------------------------------------------------
[ 2018-09-28T15:00:52+08:00 ] 223.88.55.59 GET /public/admin.php/index/index
[ sql ] [ DB ] CONNECT:[ UseTime:0.025088s ] mysql:host=sxl1ulvb.2297.dnstoo.com;port=5512;dbname=tpadmin;charset=utf8
[ sql ] [ SQL ] SHOW COLUMNS FROM `fa_auth_group_access` [ RunTime:0.003278s ]
[ sql ] [ SQL ] SELECT `aga`.`uid`,`aga`.`group_id`,`ag`.`id`,`ag`.`pid`,`ag`.`name`,`ag`.`rules` FROM `fa_auth_group_access` `aga` LEFT JOIN `fa_auth_group` `ag` ON `aga`.`group_id`=`ag`.`id` WHERE  (  aga.uid='5' and ag.status='normal' ) [ RunTime:0.002424s ]
[ sql ] [ SQL ] SHOW COLUMNS FROM `fa_auth_rule` [ RunTime:0.003276s ]
[ sql ] [ SQL ] SELECT `id`,`pid`,`condition`,`icon`,`name`,`title`,`ismenu` FROM `fa_auth_rule` WHERE  `status` = 'normal'  AND `id` IN (13,14,16,15,17,1) [ RunTime:0.002599s ]
---------------------------------------------------------------
[ 2018-09-28T15:00:53+08:00 ] 223.88.55.59 GET /public/admin.php/dashboard?addtabs=1
[ sql ] [ DB ] CONNECT:[ UseTime:0.004649s ] mysql:host=sxl1ulvb.2297.dnstoo.com;port=5512;dbname=tpadmin;charset=utf8
[ sql ] [ SQL ] SHOW COLUMNS FROM `fa_auth_group_access` [ RunTime:0.002483s ]
[ sql ] [ SQL ] SELECT `aga`.`uid`,`aga`.`group_id`,`ag`.`id`,`ag`.`pid`,`ag`.`name`,`ag`.`rules` FROM `fa_auth_group_access` `aga` LEFT JOIN `fa_auth_group` `ag` ON `aga`.`group_id`=`ag`.`id` WHERE  (  aga.uid='5' and ag.status='normal' ) [ RunTime:0.002218s ]
[ sql ] [ SQL ] SHOW COLUMNS FROM `fa_auth_rule` [ RunTime:0.002714s ]
[ sql ] [ SQL ] SELECT `id`,`pid`,`condition`,`icon`,`name`,`title`,`ismenu` FROM `fa_auth_rule` WHERE  `status` = 'normal'  AND `id` IN (13,14,16,15,17,1) [ RunTime:0.002537s ]
[ sql ] [ SQL ] SELECT `title`,`remark` FROM `fa_auth_rule` WHERE  `name` = 'dashboard' LIMIT 1 [ RunTime:0.005067s ]
---------------------------------------------------------------
[ 2018-09-28T15:01:16+08:00 ] 223.88.55.59 GET /public/admin.php/index/logout
[ sql ] [ DB ] CONNECT:[ UseTime:0.006133s ] mysql:host=sxl1ulvb.2297.dnstoo.com;port=5512;dbname=tpadmin;charset=utf8
[ sql ] [ SQL ] SHOW COLUMNS FROM `fa_admin` [ RunTime:0.002823s ]
[ sql ] [ SQL ] SELECT * FROM `fa_admin` WHERE  `id` = 5 LIMIT 1 [ RunTime:0.006589s ]
[ sql ] [ SQL ] UPDATE `fa_admin`  SET `token`='',`updatetime`=1538118076  WHERE  `id` = 5 [ RunTime:0.015689s ]
---------------------------------------------------------------
[ 2018-09-28T20:22:09+08:00 ] 127.0.0.1 POST /admin/index/login.html
[ sql ] [ DB ] CONNECT:[ UseTime:0.115088s ] mysql:host=sxl1ulvb.2297.dnstoo.com;port=5512;dbname=tpadmin;charset=utf8
[ sql ] [ SQL ] SHOW COLUMNS FROM `fa_admin` [ RunTime:0.021403s ]
[ sql ] [ SQL ] SELECT * FROM `fa_admin` WHERE  `username` = 'admin' LIMIT 1 [ RunTime:0.024755s ]
[ sql ] [ SQL ] UPDATE `fa_admin`  SET `loginfailure`=1,`updatetime`=1538137329  WHERE  `id` = 1 [ RunTime:0.019761s ]
[ sql ] [ SQL ] SHOW COLUMNS FROM `fa_admin_log` [ RunTime:0.023220s ]
[ sql ] [ SQL ] INSERT INTO `fa_admin_log` (`title` , `content` , `url` , `admin_id` , `username` , `useragent` , `ip` , `createtime`) VALUES ('登录' , '{\"__token__\":\"51ef3a5219a74426c9f8a6ba59e06f9e\",\"username\":\"admin\"}' , '/admin/index/login.html' , 0 , 'Unknown' , 'Mozilla/5.0 (Windows NT 10.0; Win64; x64) AppleWebKit/537.36 (KHTML, like Gecko) Chrome/69.0.3497.100 Safari/537.36' , '127.0.0.1' , 1538137329) [ RunTime:0.020449s ]
---------------------------------------------------------------
[ 2018-09-28T20:22:19+08:00 ] 127.0.0.1 POST /admin/index/login.html
[ sql ] [ DB ] CONNECT:[ UseTime:0.037972s ] mysql:host=sxl1ulvb.2297.dnstoo.com;port=5512;dbname=tpadmin;charset=utf8
[ sql ] [ SQL ] SHOW COLUMNS FROM `fa_admin` [ RunTime:0.020849s ]
[ sql ] [ SQL ] SELECT * FROM `fa_admin` WHERE  `username` = 'admin' LIMIT 1 [ RunTime:0.023806s ]
[ sql ] [ SQL ] UPDATE `fa_admin`  SET `loginfailure`=0,`logintime`=1538137339,`token`='d42cdbd3-f3ee-439d-9354-d43cd3cea410',`updatetime`=1538137339  WHERE  `id` = 1 [ RunTime:0.025709s ]
[ sql ] [ SQL ] SHOW COLUMNS FROM `fa_admin_log` [ RunTime:0.021095s ]
[ sql ] [ SQL ] INSERT INTO `fa_admin_log` (`title` , `content` , `url` , `admin_id` , `username` , `useragent` , `ip` , `createtime`) VALUES ('登录' , '{\"__token__\":\"3879f686c7c2612bd55020bad6fde388\",\"username\":\"admin\"}' , '/admin/index/login.html' , 1 , 'admin' , 'Mozilla/5.0 (Windows NT 10.0; Win64; x64) AppleWebKit/537.36 (KHTML, like Gecko) Chrome/69.0.3497.100 Safari/537.36' , '127.0.0.1' , 1538137339) [ RunTime:0.021370s ]
---------------------------------------------------------------
[ 2018-09-28T20:22:20+08:00 ] 127.0.0.1 GET /admin/index/index
[ sql ] [ DB ] CONNECT:[ UseTime:0.035470s ] mysql:host=sxl1ulvb.2297.dnstoo.com;port=5512;dbname=tpadmin;charset=utf8
[ sql ] [ SQL ] SHOW COLUMNS FROM `fa_auth_group_access` [ RunTime:0.021418s ]
[ sql ] [ SQL ] SELECT `aga`.`uid`,`aga`.`group_id`,`ag`.`id`,`ag`.`pid`,`ag`.`name`,`ag`.`rules` FROM `fa_auth_group_access` `aga` LEFT JOIN `fa_auth_group` `ag` ON `aga`.`group_id`=`ag`.`id` WHERE  (  aga.uid='1' and ag.status='normal' ) [ RunTime:0.028637s ]
[ sql ] [ SQL ] SHOW COLUMNS FROM `fa_auth_rule` [ RunTime:0.021660s ]
[ sql ] [ SQL ] SELECT `id`,`pid`,`condition`,`icon`,`name`,`title`,`ismenu` FROM `fa_auth_rule` WHERE  `status` = 'normal' [ RunTime:0.024730s ]
---------------------------------------------------------------
[ 2018-09-28T20:22:20+08:00 ] 127.0.0.1 GET /admin/dashboard?addtabs=1
[ sql ] [ DB ] CONNECT:[ UseTime:0.035931s ] mysql:host=sxl1ulvb.2297.dnstoo.com;port=5512;dbname=tpadmin;charset=utf8
[ sql ] [ SQL ] SHOW COLUMNS FROM `fa_auth_group_access` [ RunTime:0.024108s ]
[ sql ] [ SQL ] SELECT `aga`.`uid`,`aga`.`group_id`,`ag`.`id`,`ag`.`pid`,`ag`.`name`,`ag`.`rules` FROM `fa_auth_group_access` `aga` LEFT JOIN `fa_auth_group` `ag` ON `aga`.`group_id`=`ag`.`id` WHERE  (  aga.uid='1' and ag.status='normal' ) [ RunTime:0.023386s ]
[ sql ] [ SQL ] SHOW COLUMNS FROM `fa_auth_rule` [ RunTime:0.022261s ]
[ sql ] [ SQL ] SELECT `id`,`pid`,`condition`,`icon`,`name`,`title`,`ismenu` FROM `fa_auth_rule` WHERE  `status` = 'normal' [ RunTime:0.026419s ]
[ sql ] [ SQL ] SELECT `title`,`remark` FROM `fa_auth_rule` WHERE  `name` = 'dashboard' LIMIT 1 [ RunTime:0.020648s ]
